\BOOKMARK [1][-]{section.1}{Compiling}{}% 1
\BOOKMARK [1][-]{section.2}{Running}{}% 2
\BOOKMARK [2][-]{subsection.2.1}{Quick start \(single snapshot, single CPU\)}{section.2}% 3
\BOOKMARK [2][-]{subsection.2.2}{More Complete Setup \(multiple snapshots/input files/CPUs\)}{section.2}% 4
\BOOKMARK [2][-]{subsection.2.3}{Inline Analysis for Simulations}{section.2}% 5
\BOOKMARK [2][-]{subsection.2.4}{Output}{section.2}% 6
\BOOKMARK [2][-]{subsection.2.5}{Merger Trees}{section.2}% 7
\BOOKMARK [2][-]{subsection.2.6}{Host / Subhalo Relationships}{section.2}% 8
\BOOKMARK [2][-]{subsection.2.7}{Lightcones}{section.2}% 9
\BOOKMARK [2][-]{subsection.2.8}{Controlling Output Formats}{section.2}% 10
\BOOKMARK [2][-]{subsection.2.9}{Comparing to Published Mass Functions}{section.2}% 11
\BOOKMARK [2][-]{subsection.2.10}{Infiniband / Network Connectivity Notes}{section.2}% 12
\BOOKMARK [2][-]{subsection.2.11}{Full Configuration Options}{section.2}% 13
\BOOKMARK [3][-]{subsubsection.2.11.1}{Commonly-Used Options}{subsection.2.11}% 14
\BOOKMARK [3][-]{subsubsection.2.11.2}{Rarely-used Options}{subsection.2.11}% 15
\BOOKMARK [2][-]{subsection.2.12}{Full Example Scripts}{section.2}% 16
\BOOKMARK [1][-]{section.3}{Extending Rockstar}{}% 17
\BOOKMARK [2][-]{subsection.3.1}{Adding More Configuration Parameters}{section.3}% 18
\BOOKMARK [2][-]{subsection.3.2}{Adding More Input Formats}{section.3}% 19
\BOOKMARK [2][-]{subsection.3.3}{Adding More Output Formats}{section.3}% 20
\BOOKMARK [2][-]{subsection.3.4}{Adding More Halo Properties}{section.3}% 21
