This is pdfTeX, Version 3.1415926-2.5-1.40.14 (TeX Live 2013) (format=pdflatex 2013.5.30)  13 SEP 2016 09:49
entering extended mode
 restricted \write18 enabled.
 file:line:error style messages enabled.
 %&-line parsing enabled.
**README.tex
(./README.tex
LaTeX2e <2011/06/27>
Babel <3.9f> and hyphenation patterns for 78 languages loaded.
(/usr/local/texlive/2013/texmf-dist/tex/latex/base/article.cls
Document Class: article 2007/10/19 v1.4h Standard LaTeX document class
(/usr/local/texlive/2013/texmf-dist/tex/latex/base/size12.clo
File: size12.clo 2007/10/19 v1.4h Standard LaTeX file (size option)
)
\c@part=\count79
\c@section=\count80
\c@subsection=\count81
\c@subsubsection=\count82
\c@paragraph=\count83
\c@subparagraph=\count84
\c@figure=\count85
\c@table=\count86
\abovecaptionskip=\skip41
\belowcaptionskip=\skip42
\bibindent=\dimen102
)
(/usr/local/texlive/2013/texmf-dist/tex/latex/fouriernc/fouriernc.sty
Package: fouriernc 2005/12/20 1.0 fouriernc package

(/usr/local/texlive/2013/texmf-dist/tex/latex/fourier/fourier.sty
Package: fourier 2005/01/01 1.4 fourier-GUTenberg package

(/usr/local/texlive/2013/texmf-dist/tex/latex/base/fontenc.sty
Package: fontenc 2005/09/27 v1.99g Standard LaTeX package

(/usr/local/texlive/2013/texmf-dist/tex/latex/base/t1enc.def
File: t1enc.def 2005/09/27 v1.99g Standard LaTeX file
LaTeX Font Info:    Redeclaring font encoding T1 on input line 43.
))
(/usr/local/texlive/2013/texmf-dist/tex/latex/base/textcomp.sty
Package: textcomp 2005/09/27 v1.99g Standard LaTeX package
Package textcomp Info: Sub-encoding information:
(textcomp)               5 = only ISO-Adobe without \textcurrency
(textcomp)               4 = 5 + \texteuro
(textcomp)               3 = 4 + \textohm
(textcomp)               2 = 3 + \textestimated + \textcurrency
(textcomp)               1 = TS1 - \textcircled - \t
(textcomp)               0 = TS1 (full)
(textcomp)             Font families with sub-encoding setting implement
(textcomp)             only a restricted character set as indicated.
(textcomp)             Family '?' is the default used for unknown fonts.
(textcomp)             See the documentation for details.
Package textcomp Info: Setting ? sub-encoding to TS1/1 on input line 71.

(/usr/local/texlive/2013/texmf-dist/tex/latex/base/ts1enc.def
File: ts1enc.def 2001/06/05 v3.0e (jk/car/fm) Standard LaTeX file
)
LaTeX Info: Redefining \oldstylenums on input line 266.
Package textcomp Info: Setting cmr sub-encoding to TS1/0 on input line 281.
Package textcomp Info: Setting cmss sub-encoding to TS1/0 on input line 282.
Package textcomp Info: Setting cmtt sub-encoding to TS1/0 on input line 283.
Package textcomp Info: Setting cmvtt sub-encoding to TS1/0 on input line 284.
Package textcomp Info: Setting cmbr sub-encoding to TS1/0 on input line 285.
Package textcomp Info: Setting cmtl sub-encoding to TS1/0 on input line 286.
Package textcomp Info: Setting ccr sub-encoding to TS1/0 on input line 287.
Package textcomp Info: Setting ptm sub-encoding to TS1/4 on input line 288.
Package textcomp Info: Setting pcr sub-encoding to TS1/4 on input line 289.
Package textcomp Info: Setting phv sub-encoding to TS1/4 on input line 290.
Package textcomp Info: Setting ppl sub-encoding to TS1/3 on input line 291.
Package textcomp Info: Setting pag sub-encoding to TS1/4 on input line 292.
Package textcomp Info: Setting pbk sub-encoding to TS1/4 on input line 293.
Package textcomp Info: Setting pnc sub-encoding to TS1/4 on input line 294.
Package textcomp Info: Setting pzc sub-encoding to TS1/4 on input line 295.
Package textcomp Info: Setting bch sub-encoding to TS1/4 on input line 296.
Package textcomp Info: Setting put sub-encoding to TS1/5 on input line 297.
Package textcomp Info: Setting uag sub-encoding to TS1/5 on input line 298.
Package textcomp Info: Setting ugq sub-encoding to TS1/5 on input line 299.
Package textcomp Info: Setting ul8 sub-encoding to TS1/4 on input line 300.
Package textcomp Info: Setting ul9 sub-encoding to TS1/4 on input line 301.
Package textcomp Info: Setting augie sub-encoding to TS1/5 on input line 302.
Package textcomp Info: Setting dayrom sub-encoding to TS1/3 on input line 303.
Package textcomp Info: Setting dayroms sub-encoding to TS1/3 on input line 304.

Package textcomp Info: Setting pxr sub-encoding to TS1/0 on input line 305.
Package textcomp Info: Setting pxss sub-encoding to TS1/0 on input line 306.
Package textcomp Info: Setting pxtt sub-encoding to TS1/0 on input line 307.
Package textcomp Info: Setting txr sub-encoding to TS1/0 on input line 308.
Package textcomp Info: Setting txss sub-encoding to TS1/0 on input line 309.
Package textcomp Info: Setting txtt sub-encoding to TS1/0 on input line 310.
Package textcomp Info: Setting lmr sub-encoding to TS1/0 on input line 311.
Package textcomp Info: Setting lmdh sub-encoding to TS1/0 on input line 312.
Package textcomp Info: Setting lmss sub-encoding to TS1/0 on input line 313.
Package textcomp Info: Setting lmssq sub-encoding to TS1/0 on input line 314.
Package textcomp Info: Setting lmvtt sub-encoding to TS1/0 on input line 315.
Package textcomp Info: Setting qhv sub-encoding to TS1/0 on input line 316.
Package textcomp Info: Setting qag sub-encoding to TS1/0 on input line 317.
Package textcomp Info: Setting qbk sub-encoding to TS1/0 on input line 318.
Package textcomp Info: Setting qcr sub-encoding to TS1/0 on input line 319.
Package textcomp Info: Setting qcs sub-encoding to TS1/0 on input line 320.
Package textcomp Info: Setting qpl sub-encoding to TS1/0 on input line 321.
Package textcomp Info: Setting qtm sub-encoding to TS1/0 on input line 322.
Package textcomp Info: Setting qzc sub-encoding to TS1/0 on input line 323.
Package textcomp Info: Setting qhvc sub-encoding to TS1/0 on input line 324.
Package textcomp Info: Setting futs sub-encoding to TS1/4 on input line 325.
Package textcomp Info: Setting futx sub-encoding to TS1/4 on input line 326.
Package textcomp Info: Setting futj sub-encoding to TS1/4 on input line 327.
Package textcomp Info: Setting hlh sub-encoding to TS1/3 on input line 328.
Package textcomp Info: Setting hls sub-encoding to TS1/3 on input line 329.
Package textcomp Info: Setting hlst sub-encoding to TS1/3 on input line 330.
Package textcomp Info: Setting hlct sub-encoding to TS1/5 on input line 331.
Package textcomp Info: Setting hlx sub-encoding to TS1/5 on input line 332.
Package textcomp Info: Setting hlce sub-encoding to TS1/5 on input line 333.
Package textcomp Info: Setting hlcn sub-encoding to TS1/5 on input line 334.
Package textcomp Info: Setting hlcw sub-encoding to TS1/5 on input line 335.
Package textcomp Info: Setting hlcf sub-encoding to TS1/5 on input line 336.
Package textcomp Info: Setting pplx sub-encoding to TS1/3 on input line 337.
Package textcomp Info: Setting pplj sub-encoding to TS1/3 on input line 338.
Package textcomp Info: Setting ptmx sub-encoding to TS1/4 on input line 339.
Package textcomp Info: Setting ptmj sub-encoding to TS1/4 on input line 340.
)
(/usr/local/texlive/2013/texmf-dist/tex/latex/fourier/fourier-orns.sty
Package: fourier-orns 2004/01/30 1.1 fourier-ornaments package
)
LaTeX Font Info:    Redeclaring symbol font `operators' on input line 50.
LaTeX Font Info:    Encoding `OT1' has changed to `T1' for symbol font
(Font)              `operators' in the math version `normal' on input line 50.
LaTeX Font Info:    Overwriting symbol font `operators' in version `normal'
(Font)                  OT1/cmr/m/n --> T1/futs/m/n on input line 50.
LaTeX Font Info:    Encoding `OT1' has changed to `T1' for symbol font
(Font)              `operators' in the math version `bold' on input line 50.
LaTeX Font Info:    Overwriting symbol font `operators' in version `bold'
(Font)                  OT1/cmr/bx/n --> T1/futs/m/n on input line 50.
LaTeX Font Info:    Overwriting symbol font `operators' in version `bold'
(Font)                  T1/futs/m/n --> T1/futs/b/n on input line 51.
LaTeX Font Info:    Redeclaring symbol font `letters' on input line 59.
LaTeX Font Info:    Encoding `OML' has changed to `FML' for symbol font
(Font)              `letters' in the math version `normal' on input line 59.
LaTeX Font Info:    Overwriting symbol font `letters' in version `normal'
(Font)                  OML/cmm/m/it --> FML/futmi/m/it on input line 59.
LaTeX Font Info:    Encoding `OML' has changed to `FML' for symbol font
(Font)              `letters' in the math version `bold' on input line 59.
LaTeX Font Info:    Overwriting symbol font `letters' in version `bold'
(Font)                  OML/cmm/b/it --> FML/futmi/m/it on input line 59.
\symotherletters=\mathgroup4
LaTeX Font Info:    Overwriting symbol font `letters' in version `bold'
(Font)                  FML/futmi/m/it --> FML/futmi/b/it on input line 61.
LaTeX Font Info:    Overwriting symbol font `otherletters' in version `bold'
(Font)                  FML/futm/m/it --> FML/futm/b/it on input line 62.
LaTeX Font Info:    Redeclaring math symbol \Gamma on input line 63.
LaTeX Font Info:    Redeclaring math symbol \Delta on input line 64.
LaTeX Font Info:    Redeclaring math symbol \Theta on input line 65.
LaTeX Font Info:    Redeclaring math symbol \Lambda on input line 66.
LaTeX Font Info:    Redeclaring math symbol \Xi on input line 67.
LaTeX Font Info:    Redeclaring math symbol \Pi on input line 68.
LaTeX Font Info:    Redeclaring math symbol \Sigma on input line 69.
LaTeX Font Info:    Redeclaring math symbol \Upsilon on input line 70.
LaTeX Font Info:    Redeclaring math symbol \Phi on input line 71.
LaTeX Font Info:    Redeclaring math symbol \Psi on input line 72.
LaTeX Font Info:    Redeclaring math symbol \Omega on input line 73.
LaTeX Font Info:    Redeclaring symbol font `symbols' on input line 113.
LaTeX Font Info:    Encoding `OMS' has changed to `FMS' for symbol font
(Font)              `symbols' in the math version `normal' on input line 113.
LaTeX Font Info:    Overwriting symbol font `symbols' in version `normal'
(Font)                  OMS/cmsy/m/n --> FMS/futm/m/n on input line 113.
LaTeX Font Info:    Encoding `OMS' has changed to `FMS' for symbol font
(Font)              `symbols' in the math version `bold' on input line 113.
LaTeX Font Info:    Overwriting symbol font `symbols' in version `bold'
(Font)                  OMS/cmsy/b/n --> FMS/futm/m/n on input line 113.
LaTeX Font Info:    Redeclaring symbol font `largesymbols' on input line 114.
LaTeX Font Info:    Encoding `OMX' has changed to `FMX' for symbol font
(Font)              `largesymbols' in the math version `normal' on input line 1
14.
LaTeX Font Info:    Overwriting symbol font `largesymbols' in version `normal'
(Font)                  OMX/cmex/m/n --> FMX/futm/m/n on input line 114.
LaTeX Font Info:    Encoding `OMX' has changed to `FMX' for symbol font
(Font)              `largesymbols' in the math version `bold' on input line 114
.
LaTeX Font Info:    Overwriting symbol font `largesymbols' in version `bold'
(Font)                  OMX/cmex/m/n --> FMX/futm/m/n on input line 114.
LaTeX Font Info:    Redeclaring math alphabet \mathbf on input line 115.
LaTeX Font Info:    Overwriting math alphabet `\mathbf' in version `normal'
(Font)                  OT1/cmr/bx/n --> T1/futs/bx/n on input line 115.
LaTeX Font Info:    Overwriting math alphabet `\mathbf' in version `bold'
(Font)                  OT1/cmr/bx/n --> T1/futs/bx/n on input line 115.
LaTeX Font Info:    Redeclaring math alphabet \mathrm on input line 116.
LaTeX Font Info:    Redeclaring math alphabet \mathit on input line 117.
LaTeX Font Info:    Overwriting math alphabet `\mathit' in version `normal'
(Font)                  OT1/cmr/m/it --> T1/futs/m/it on input line 117.
LaTeX Font Info:    Overwriting math alphabet `\mathit' in version `bold'
(Font)                  OT1/cmr/bx/it --> T1/futs/m/it on input line 117.
LaTeX Font Info:    Redeclaring math alphabet \mathcal on input line 118.
LaTeX Font Info:    Redeclaring math symbol \parallel on input line 134.
LaTeX Font Info:    Redeclaring math symbol \hbar on input line 148.
LaTeX Font Info:    Redeclaring math symbol \varkappa on input line 186.
LaTeX Font Info:    Redeclaring math symbol \varvarrho on input line 187.
LaTeX Font Info:    Redeclaring math delimiter \Vert on input line 210.
LaTeX Font Info:    Redeclaring math delimiter \vert on input line 215.
LaTeX Font Info:    Redeclaring math delimiter \Downarrow on input line 225.
LaTeX Font Info:    Redeclaring math delimiter \backslash on input line 227.
LaTeX Font Info:    Redeclaring math delimiter \rangle on input line 229.
LaTeX Font Info:    Redeclaring math delimiter \langle on input line 231.
LaTeX Font Info:    Redeclaring math delimiter \rbrace on input line 233.
LaTeX Font Info:    Redeclaring math delimiter \lbrace on input line 235.
LaTeX Font Info:    Redeclaring math delimiter \rceil on input line 237.
LaTeX Font Info:    Redeclaring math delimiter \lceil on input line 239.
LaTeX Font Info:    Redeclaring math delimiter \rfloor on input line 241.
LaTeX Font Info:    Redeclaring math delimiter \lfloor on input line 243.
LaTeX Font Info:    Redeclaring math accent \acute on input line 247.
LaTeX Font Info:    Redeclaring math accent \grave on input line 248.
LaTeX Font Info:    Redeclaring math accent \ddot on input line 249.
LaTeX Font Info:    Redeclaring math accent \tilde on input line 250.
LaTeX Font Info:    Redeclaring math accent \bar on input line 251.
LaTeX Font Info:    Redeclaring math accent \breve on input line 252.
LaTeX Font Info:    Redeclaring math accent \check on input line 253.
LaTeX Font Info:    Redeclaring math accent \hat on input line 254.
LaTeX Font Info:    Redeclaring math accent \dot on input line 255.
LaTeX Font Info:    Redeclaring math accent \mathring on input line 256.
\symUfutm=\mathgroup5
)
LaTeX Font Info:    Redeclaring symbol font `letters' on input line 16.
LaTeX Font Info:    Overwriting symbol font `letters' in version `normal'
(Font)                  FML/futmi/m/it --> FML/fncmi/m/it on input line 16.
LaTeX Font Info:    Overwriting symbol font `letters' in version `bold'
(Font)                  FML/futmi/b/it --> FML/fncmi/m/it on input line 16.
LaTeX Font Info:    Redeclaring symbol font `otherletters' on input line 17.
LaTeX Font Info:    Overwriting symbol font `otherletters' in version `normal'
(Font)                  FML/futm/m/it --> FML/fncm/m/it on input line 17.
LaTeX Font Info:    Overwriting symbol font `otherletters' in version `bold'
(Font)                  FML/futm/b/it --> FML/fncm/m/it on input line 17.
LaTeX Font Info:    Overwriting symbol font `letters' in version `bold'
(Font)                  FML/fncmi/m/it --> FML/fncmi/b/it on input line 18.
LaTeX Font Info:    Overwriting symbol font `otherletters' in version `bold'
(Font)                  FML/fncm/m/it --> FML/fncm/b/it on input line 19.
LaTeX Font Info:    Redeclaring symbol font `operators' on input line 32.
LaTeX Font Info:    Overwriting symbol font `operators' in version `normal'
(Font)                  T1/futs/m/n --> T1/fnc/m/n on input line 32.
LaTeX Font Info:    Overwriting symbol font `operators' in version `bold'
(Font)                  T1/futs/b/n --> T1/fnc/m/n on input line 32.
LaTeX Font Info:    Overwriting symbol font `operators' in version `bold'
(Font)                  T1/fnc/m/n --> T1/fnc/b/n on input line 33.
LaTeX Font Info:    Redeclaring symbol font `symbols' on input line 34.
LaTeX Font Info:    Overwriting symbol font `symbols' in version `normal'
(Font)                  FMS/futm/m/n --> FMS/fncm/m/n on input line 34.
LaTeX Font Info:    Overwriting symbol font `symbols' in version `bold'
(Font)                  FMS/futm/m/n --> FMS/fncm/m/n on input line 34.
LaTeX Font Info:    Redeclaring math alphabet \mathbf on input line 35.
LaTeX Font Info:    Overwriting math alphabet `\mathbf' in version `normal'
(Font)                  T1/futs/bx/n --> T1/fnc/b/n on input line 35.
LaTeX Font Info:    Overwriting math alphabet `\mathbf' in version `bold'
(Font)                  T1/futs/bx/n --> T1/fnc/b/n on input line 35.
LaTeX Font Info:    Redeclaring math alphabet \mathrm on input line 36.
LaTeX Font Info:    Overwriting math alphabet `\mathrm' in version `normal'
(Font)                  T1/futs/m/n --> T1/fnc/m/n on input line 36.
LaTeX Font Info:    Overwriting math alphabet `\mathrm' in version `bold'
(Font)                  T1/futs/m/n --> T1/fnc/m/n on input line 36.
LaTeX Font Info:    Redeclaring math alphabet \mathit on input line 37.
LaTeX Font Info:    Overwriting math alphabet `\mathit' in version `normal'
(Font)                  T1/futs/m/it --> T1/fnc/m/it on input line 37.
LaTeX Font Info:    Overwriting math alphabet `\mathit' in version `bold'
(Font)                  T1/futs/m/it --> T1/fnc/m/it on input line 37.
LaTeX Font Info:    Redeclaring math alphabet \mathcal on input line 38.
LaTeX Font Info:    Overwriting math alphabet `\mathcal' in version `normal'
(Font)                  FMS/futm/m/n --> FMS/fncm/m/n on input line 38.
LaTeX Font Info:    Overwriting math alphabet `\mathcal' in version `bold'
(Font)                  FMS/futm/m/n --> FMS/fncm/m/n on input line 38.
)
(/usr/local/texlive/2013/texmf-dist/tex/latex/graphics/graphicx.sty
Package: graphicx 1999/02/16 v1.0f Enhanced LaTeX Graphics (DPC,SPQR)

(/usr/local/texlive/2013/texmf-dist/tex/latex/graphics/keyval.sty
Package: keyval 1999/03/16 v1.13 key=value parser (DPC)
\KV@toks@=\toks14
)
(/usr/local/texlive/2013/texmf-dist/tex/latex/graphics/graphics.sty
Package: graphics 2009/02/05 v1.0o Standard LaTeX Graphics (DPC,SPQR)

(/usr/local/texlive/2013/texmf-dist/tex/latex/graphics/trig.sty
Package: trig 1999/03/16 v1.09 sin cos tan (DPC)
)
(/usr/local/texlive/2013/texmf-dist/tex/latex/latexconfig/graphics.cfg
File: graphics.cfg 2010/04/23 v1.9 graphics configuration of TeX Live
)
Package graphics Info: Driver file: pdftex.def on input line 91.

(/usr/local/texlive/2013/texmf-dist/tex/latex/pdftex-def/pdftex.def
File: pdftex.def 2011/05/27 v0.06d Graphics/color for pdfTeX

(/usr/local/texlive/2013/texmf-dist/tex/generic/oberdiek/infwarerr.sty
Package: infwarerr 2010/04/08 v1.3 Providing info/warning/error messages (HO)
)
(/usr/local/texlive/2013/texmf-dist/tex/generic/oberdiek/ltxcmds.sty
Package: ltxcmds 2011/11/09 v1.22 LaTeX kernel commands for general use (HO)
)
\Gread@gobject=\count87
))
\Gin@req@height=\dimen103
\Gin@req@width=\dimen104
)
(/usr/local/texlive/2013/texmf-dist/tex/latex/xcolor/xcolor.sty
Package: xcolor 2007/01/21 v2.11 LaTeX color extensions (UK)

(/usr/local/texlive/2013/texmf-dist/tex/latex/latexconfig/color.cfg
File: color.cfg 2007/01/18 v1.5 color configuration of teTeX/TeXLive
)
Package xcolor Info: Driver file: pdftex.def on input line 225.
Package xcolor Info: Model `cmy' substituted by `cmy0' on input line 1337.
Package xcolor Info: Model `hsb' substituted by `rgb' on input line 1341.
Package xcolor Info: Model `RGB' extended on input line 1353.
Package xcolor Info: Model `HTML' substituted by `rgb' on input line 1355.
Package xcolor Info: Model `Hsb' substituted by `hsb' on input line 1356.
Package xcolor Info: Model `tHsb' substituted by `hsb' on input line 1357.
Package xcolor Info: Model `HSB' substituted by `hsb' on input line 1358.
Package xcolor Info: Model `Gray' substituted by `gray' on input line 1359.
Package xcolor Info: Model `wave' substituted by `hsb' on input line 1360.
)
(/usr/local/texlive/2013/texmf-dist/tex/latex/hyperref/hyperref.sty
Package: hyperref 2012/11/06 v6.83m Hypertext links for LaTeX

(/usr/local/texlive/2013/texmf-dist/tex/generic/oberdiek/hobsub-hyperref.sty
Package: hobsub-hyperref 2012/05/28 v1.13 Bundle oberdiek, subset hyperref (HO)


(/usr/local/texlive/2013/texmf-dist/tex/generic/oberdiek/hobsub-generic.sty
Package: hobsub-generic 2012/05/28 v1.13 Bundle oberdiek, subset generic (HO)
Package: hobsub 2012/05/28 v1.13 Construct package bundles (HO)
Package hobsub Info: Skipping package `infwarerr' (already loaded).
Package hobsub Info: Skipping package `ltxcmds' (already loaded).
Package: ifluatex 2010/03/01 v1.3 Provides the ifluatex switch (HO)
Package ifluatex Info: LuaTeX not detected.
Package: ifvtex 2010/03/01 v1.5 Detect VTeX and its facilities (HO)
Package ifvtex Info: VTeX not detected.
Package: intcalc 2007/09/27 v1.1 Expandable calculations with integers (HO)
Package: ifpdf 2011/01/30 v2.3 Provides the ifpdf switch (HO)
Package ifpdf Info: pdfTeX in PDF mode is detected.
Package: etexcmds 2011/02/16 v1.5 Avoid name clashes with e-TeX commands (HO)
Package etexcmds Info: Could not find \expanded.
(etexcmds)             That can mean that you are not using pdfTeX 1.50 or
(etexcmds)             that some package has redefined \expanded.
(etexcmds)             In the latter case, load this package earlier.
Package: kvsetkeys 2012/04/25 v1.16 Key value parser (HO)
Package: kvdefinekeys 2011/04/07 v1.3 Define keys (HO)
Package: pdftexcmds 2011/11/29 v0.20 Utility functions of pdfTeX for LuaTeX (HO
)
Package pdftexcmds Info: LuaTeX not detected.
Package pdftexcmds Info: \pdf@primitive is available.
Package pdftexcmds Info: \pdf@ifprimitive is available.
Package pdftexcmds Info: \pdfdraftmode found.
Package: pdfescape 2011/11/25 v1.13 Implements pdfTeX's escape features (HO)
Package: bigintcalc 2012/04/08 v1.3 Expandable calculations on big integers (HO
)
Package: bitset 2011/01/30 v1.1 Handle bit-vector datatype (HO)
Package: uniquecounter 2011/01/30 v1.2 Provide unlimited unique counter (HO)
)
Package hobsub Info: Skipping package `hobsub' (already loaded).
Package: letltxmacro 2010/09/02 v1.4 Let assignment for LaTeX macros (HO)
Package: hopatch 2012/05/28 v1.2 Wrapper for package hooks (HO)
Package: xcolor-patch 2011/01/30 xcolor patch
Package: atveryend 2011/06/30 v1.8 Hooks at the very end of document (HO)
Package atveryend Info: \enddocument detected (standard20110627).
Package: atbegshi 2011/10/05 v1.16 At begin shipout hook (HO)
Package: refcount 2011/10/16 v3.4 Data extraction from label references (HO)
Package: hycolor 2011/01/30 v1.7 Color options for hyperref/bookmark (HO)
)
(/usr/local/texlive/2013/texmf-dist/tex/generic/ifxetex/ifxetex.sty
Package: ifxetex 2010/09/12 v0.6 Provides ifxetex conditional
)
(/usr/local/texlive/2013/texmf-dist/tex/latex/oberdiek/auxhook.sty
Package: auxhook 2011/03/04 v1.3 Hooks for auxiliary files (HO)
)
(/usr/local/texlive/2013/texmf-dist/tex/latex/oberdiek/kvoptions.sty
Package: kvoptions 2011/06/30 v3.11 Key value format for package options (HO)
)
\@linkdim=\dimen105
\Hy@linkcounter=\count88
\Hy@pagecounter=\count89

(/usr/local/texlive/2013/texmf-dist/tex/latex/hyperref/pd1enc.def
File: pd1enc.def 2012/11/06 v6.83m Hyperref: PDFDocEncoding definition (HO)
)
\Hy@SavedSpaceFactor=\count90

(/usr/local/texlive/2013/texmf-dist/tex/latex/latexconfig/hyperref.cfg
File: hyperref.cfg 2002/06/06 v1.2 hyperref configuration of TeXLive
)
Package hyperref Info: Option `bookmarks' set `true' on input line 4319.
Package hyperref Info: Option `colorlinks' set `true' on input line 4319.
Package hyperref Info: Hyper figures OFF on input line 4443.
Package hyperref Info: Link nesting OFF on input line 4448.
Package hyperref Info: Hyper index ON on input line 4451.
Package hyperref Info: Plain pages OFF on input line 4458.
Package hyperref Info: Backreferencing OFF on input line 4463.
Package hyperref Info: Implicit mode ON; LaTeX internals redefined.
Package hyperref Info: Bookmarks ON on input line 4688.
\c@Hy@tempcnt=\count91

(/usr/local/texlive/2013/texmf-dist/tex/latex/url/url.sty
\Urlmuskip=\muskip10
Package: url 2006/04/12  ver 3.3  Verb mode for urls, etc.
)
LaTeX Info: Redefining \url on input line 5041.
\XeTeXLinkMargin=\dimen106
\Fld@menulength=\count92
\Field@Width=\dimen107
\Fld@charsize=\dimen108
Package hyperref Info: Hyper figures OFF on input line 6295.
Package hyperref Info: Link nesting OFF on input line 6300.
Package hyperref Info: Hyper index ON on input line 6303.
Package hyperref Info: backreferencing OFF on input line 6310.
Package hyperref Info: Link coloring ON on input line 6313.
Package hyperref Info: Link coloring with OCG OFF on input line 6320.
Package hyperref Info: PDF/A mode OFF on input line 6325.
LaTeX Info: Redefining \ref on input line 6365.
LaTeX Info: Redefining \pageref on input line 6369.
\Hy@abspage=\count93
\c@Item=\count94
\c@Hfootnote=\count95
)

Package hyperref Message: Driver (autodetected): hpdftex.

(/usr/local/texlive/2013/texmf-dist/tex/latex/hyperref/hpdftex.def
File: hpdftex.def 2012/11/06 v6.83m Hyperref driver for pdfTeX
\Fld@listcount=\count96
\c@bookmark@seq@number=\count97

(/usr/local/texlive/2013/texmf-dist/tex/latex/oberdiek/rerunfilecheck.sty
Package: rerunfilecheck 2011/04/15 v1.7 Rerun checks for auxiliary files (HO)
Package uniquecounter Info: New unique counter `rerunfilecheck' on input line 2
82.
)
\Hy@SectionHShift=\skip43
)
(./README.aux)
\openout1 = `README.aux'.

LaTeX Font Info:    Checking defaults for OML/cmm/m/it on input line 7.
LaTeX Font Info:    ... okay on input line 7.
LaTeX Font Info:    Checking defaults for T1/cmr/m/n on input line 7.
LaTeX Font Info:    ... okay on input line 7.
LaTeX Font Info:    Checking defaults for OT1/cmr/m/n on input line 7.
LaTeX Font Info:    ... okay on input line 7.
LaTeX Font Info:    Checking defaults for OMS/cmsy/m/n on input line 7.
LaTeX Font Info:    ... okay on input line 7.
LaTeX Font Info:    Checking defaults for OMX/cmex/m/n on input line 7.
LaTeX Font Info:    ... okay on input line 7.
LaTeX Font Info:    Checking defaults for U/cmr/m/n on input line 7.
LaTeX Font Info:    ... okay on input line 7.
LaTeX Font Info:    Checking defaults for FML/fncmi/m/it on input line 7.
LaTeX Font Info:    Try loading font information for FML+fncmi on input line 7.


(/usr/local/texlive/2013/texmf-dist/tex/latex/fouriernc/fmlfncmi.fd
File: fmlfncmi.fd 2005/12/20 Fontinst v1.928 font definitions for FML/fncmi.
)
LaTeX Font Info:    ... okay on input line 7.
LaTeX Font Info:    Checking defaults for FMS/fncm/m/n on input line 7.
LaTeX Font Info:    Try loading font information for FMS+fncm on input line 7.

(/usr/local/texlive/2013/texmf-dist/tex/latex/fouriernc/fmsfncm.fd
File: fmsfncm.fd 2005/12/20 Fontinst v1.928 font definitions for FMS/fncm.
)
LaTeX Font Info:    ... okay on input line 7.
LaTeX Font Info:    Checking defaults for FMX/futm/m/n on input line 7.
LaTeX Font Info:    Try loading font information for FMX+futm on input line 7.

(/usr/local/texlive/2013/texmf-dist/tex/latex/fourier/fmxfutm.fd
File: fmxfutm.fd futm-extension
)
LaTeX Font Info:    ... okay on input line 7.
LaTeX Font Info:    Checking defaults for TS1/cmr/m/n on input line 7.
LaTeX Font Info:    Try loading font information for TS1+cmr on input line 7.

(/usr/local/texlive/2013/texmf-dist/tex/latex/base/ts1cmr.fd
File: ts1cmr.fd 1999/05/25 v2.5h Standard LaTeX font definitions
)
LaTeX Font Info:    ... okay on input line 7.
LaTeX Font Info:    Checking defaults for PD1/pdf/m/n on input line 7.
LaTeX Font Info:    ... okay on input line 7.
LaTeX Font Info:    Try loading font information for T1+fnc on input line 7.

(/usr/local/texlive/2013/texmf-dist/tex/latex/fouriernc/t1fnc.fd
File: t1fnc.fd 2005/12/13 scaled font definitions for T1/fnc.
)
LaTeX Font Info:    Font shape `T1/fnc/m/n' will be
(Font)              scaled to size 11.15991pt on input line 7.

(/usr/local/texlive/2013/texmf-dist/tex/context/base/supp-pdf.mkii
[Loading MPS to PDF converter (version 2006.09.02).]
\scratchcounter=\count98
\scratchdimen=\dimen109
\scratchbox=\box26
\nofMPsegments=\count99
\nofMParguments=\count100
\everyMPshowfont=\toks15
\MPscratchCnt=\count101
\MPscratchDim=\dimen110
\MPnumerator=\count102
\makeMPintoPDFobject=\count103
\everyMPtoPDFconversion=\toks16
) (/usr/local/texlive/2013/texmf-dist/tex/latex/oberdiek/epstopdf-base.sty
Package: epstopdf-base 2010/02/09 v2.5 Base part for package epstopdf

(/usr/local/texlive/2013/texmf-dist/tex/latex/oberdiek/grfext.sty
Package: grfext 2010/08/19 v1.1 Manage graphics extensions (HO)
)
Package grfext Info: Graphics extension search list:
(grfext)             [.png,.pdf,.jpg,.mps,.jpeg,.jbig2,.jb2,.PNG,.PDF,.JPG,.JPE
G,.JBIG2,.JB2,.eps]
(grfext)             \AppendGraphicsExtensions on input line 452.

(/usr/local/texlive/2013/texmf-dist/tex/latex/latexconfig/epstopdf-sys.cfg
File: epstopdf-sys.cfg 2010/07/13 v1.3 Configuration of (r)epstopdf for TeX Liv
e
))
\AtBeginShipoutBox=\box27
Package hyperref Info: Link coloring ON on input line 7.

(/usr/local/texlive/2013/texmf-dist/tex/latex/hyperref/nameref.sty
Package: nameref 2012/10/27 v2.43 Cross-referencing by name of section

(/usr/local/texlive/2013/texmf-dist/tex/generic/oberdiek/gettitlestring.sty
Package: gettitlestring 2010/12/03 v1.4 Cleanup title references (HO)
)
\c@section@level=\count104
)
LaTeX Info: Redefining \ref on input line 7.
LaTeX Info: Redefining \pageref on input line 7.
LaTeX Info: Redefining \nameref on input line 7.

(./README.out) (./README.out)
\@outlinefile=\write3
\openout3 = `README.out'.

LaTeX Font Info:    Try loading font information for TS1+fnc on input line 10.

(/usr/local/texlive/2013/texmf-dist/tex/latex/fouriernc/ts1fnc.fd
File: ts1fnc.fd 2005/12/13 font definitions for TS1/fnc.
)
LaTeX Font Info:    Font shape `TS1/fnc/m/n' will be
(Font)              scaled to size 11.15991pt on input line 10.
LaTeX Font Info:    Try loading font information for T1+cmtt on input line 12.

(/usr/local/texlive/2013/texmf-dist/tex/latex/base/t1cmtt.fd
File: t1cmtt.fd 1999/05/25 v2.5h Standard LaTeX font definitions
)
LaTeX Font Info:    Font shape `T1/fnc/m/n' will be
(Font)              scaled to size 8.36993pt on input line 12.
LaTeX Font Info:    Font shape `T1/fnc/m/n' will be
(Font)              scaled to size 6.50995pt on input line 12.
LaTeX Font Info:    Font shape `FMX/futm/m/n' will be
(Font)              scaled to size 11.03998pt on input line 12.
LaTeX Font Info:    Font shape `FMX/futm/m/n' will be
(Font)              scaled to size 8.27998pt on input line 12.
LaTeX Font Info:    Font shape `FMX/futm/m/n' will be
(Font)              scaled to size 6.43999pt on input line 12.
LaTeX Font Info:    Try loading font information for FML+fncm on input line 12.


(/usr/local/texlive/2013/texmf-dist/tex/latex/fouriernc/fmlfncm.fd
File: fmlfncm.fd 2005/12/20 Fontinst v1.928 font definitions for FML/fncm.
)
LaTeX Font Info:    Font shape `U/futm/m/n' will be
(Font)              scaled to size 11.03998pt on input line 12.
LaTeX Font Info:    Font shape `U/futm/m/n' will be
(Font)              scaled to size 8.27998pt on input line 12.
LaTeX Font Info:    Font shape `U/futm/m/n' will be
(Font)              scaled to size 6.43999pt on input line 12.

Underfull \hbox (badness 10000) in paragraph at lines 9--13

 []

LaTeX Font Info:    Font shape `T1/fnc/m/n' will be
(Font)              scaled to size 16.07027pt on input line 14.
LaTeX Font Info:    Font shape `T1/fnc/bx/n' in size <17.28> not available
(Font)              Font shape `T1/fnc/b/n' tried instead on input line 14.
LaTeX Font Info:    Font shape `T1/fnc/b/n' will be
(Font)              scaled to size 16.07027pt on input line 14.
(./README.toc
LaTeX Font Info:    Font shape `T1/fnc/bx/n' in size <12> not available
(Font)              Font shape `T1/fnc/b/n' tried instead on input line 1.
LaTeX Font Info:    Font shape `T1/fnc/b/n' will be
(Font)              scaled to size 11.15991pt on input line 1.
)
\tf@toc=\write4
\openout4 = `README.toc'.

 [1

{/usr/local/texlive/2013/texmf-var/fonts/map/pdftex/updmap/pdftex.map}]
LaTeX Font Info:    Font shape `T1/fnc/m/n' will be
(Font)              scaled to size 13.39188pt on input line 26.
LaTeX Font Info:    Font shape `T1/fnc/bx/n' in size <14.4> not available
(Font)              Font shape `T1/fnc/b/n' tried instead on input line 26.
LaTeX Font Info:    Font shape `T1/fnc/b/n' will be
(Font)              scaled to size 13.39188pt on input line 26.

Overfull \hbox (12.3123pt too wide) in paragraph at lines 39--43
\T1/cmtt/m/n/12 GADGET_MASS_CONVERSION\T1/fnc/m/n/12 ) to con-vert Gad-get in-t
er-nal units to co-mov-ing Mpc/h
 []

LaTeX Font Info:    Font shape `T1/fnc/m/it' will be
(Font)              scaled to size 11.15991pt on input line 48.

Overfull \hbox (35.55775pt too wide) in paragraph at lines 44--50
\T1/fnc/m/n/12 con-ver-sion mul-ti-pli-ers (\T1/cmtt/m/n/12 TIPSY_LENGTH_CONVER
SION\T1/fnc/m/n/12 , \T1/cmtt/m/n/12 TIPSY_VELOCITY_CONVERSION\T1/fnc/m/n/12 ,
 []

<rockstar_layout.pdf, id=120, 367.14665pt x 503.60121pt>
File: rockstar_layout.pdf Graphic file (type pdf)

<use rockstar_layout.pdf>
Package pdftex.def Info: rockstar_layout.pdf used on input line 66.
(pdftex.def)             Requested size: 312.00119pt x 427.97852pt.


LaTeX Warning: Float too large for page by 23.33519pt on input line 69.


Overfull \hbox (50.48186pt too wide) in paragraph at lines 71--71
[]\T1/fnc/b/n/14.4 More Com-plete Setup (mul-ti-ple snap-shots/input files/CPUs
) 
 []

[2] [3 <./rockstar_layout.pdf>]
LaTeX Font Info:    Font shape `T1/fnc/m/n' will be
(Font)              scaled to size 9.29993pt on input line 94.
LaTeX Font Info:    Font shape `T1/fnc/m/n' will be
(Font)              scaled to size 7.06795pt on input line 94.
LaTeX Font Info:    Font shape `T1/fnc/m/n' will be
(Font)              scaled to size 5.57996pt on input line 94.
LaTeX Font Info:    Font shape `FMX/futm/m/n' will be
(Font)              scaled to size 9.19998pt on input line 94.
LaTeX Font Info:    Font shape `FMX/futm/m/n' will be
(Font)              scaled to size 6.99199pt on input line 94.
LaTeX Font Info:    Font shape `FMX/futm/m/n' will be
(Font)              scaled to size 5.51999pt on input line 94.
LaTeX Font Info:    Font shape `U/futm/m/n' will be
(Font)              scaled to size 9.19998pt on input line 94.
LaTeX Font Info:    Font shape `U/futm/m/n' will be
(Font)              scaled to size 6.99199pt on input line 94.
LaTeX Font Info:    Font shape `U/futm/m/n' will be
(Font)              scaled to size 5.51999pt on input line 94.
 [4]
Overfull \hbox (54.49146pt too wide) in paragraph at lines 139--139
[]         \T1/cmtt/m/n/12 OUTBASE = "/desired/output/path" # default is curren
t directory[] 
 []


Overfull \hbox (42.14447pt too wide) in paragraph at lines 155--155
[]         \T1/cmtt/m/n/12 FORK_PROCESSORS_PER_MACHINE = <number of processors 
per node>[] 
 []

[5] [6]
Overfull \hbox (13.11775pt too wide) in paragraph at lines 190--191
\T1/fnc/m/n/12 masses al-ways in-clude any con-tri-bu-tions from sub-struc-ture
. Also, masses
 []

[7]
Overfull \hbox (29.79749pt too wide) in paragraph at lines 227--227
[]         \T1/cmtt/m/n/12 /path/to/rockstar/util/find_parents out_XYZ.list <bo
x_size>[] 
 []

[8]
Overfull \hbox (17.4505pt too wide) in paragraph at lines 251--251
[]         \T1/cmtt/m/n/12 LIGHTCONE_ALT_SNAPS = /path/to/second_lightcone_snap
names[] 
 []


Overfull \hbox (54.49146pt too wide) in paragraph at lines 270--270
[]         \T1/cmtt/m/n/12 OUTBASE = "/desired/output/path" # default is curren
t directory[] 
 []


Overfull \hbox (1.81491pt too wide) in paragraph at lines 282--287
\T1/fnc/m/n/12 For the bi-nary out-puts, there is a 256-byte header (de-tailed 
in \T1/cmtt/m/n/12 io/meta_io.h\T1/fnc/m/n/12 )
 []


Overfull \hbox (73.01193pt too wide) in paragraph at lines 291--291
[]          \T1/cmtt/m/n/12 MIN_HALO_OUTPUT_SIZE = <minimum number of particles
> #default: 20[] 
 []

[9]
Overfull \hbox (2.45143pt too wide) in paragraph at lines 297--301
[]\T1/fnc/m/n/12 To avoid print-ing spu-ri-ous ha-los, Rock-star ex-cludes sig-
nif-i-cantly un-bound
 []


Overfull \hbox (66.83844pt too wide) in paragraph at lines 303--303
[]        \T1/cmtt/m/n/12 UNBOUND_THRESHOLD = <minimum fraction of bound mass> 
#default: 0.5[] 
 []


Overfull \hbox (97.7059pt too wide) in paragraph at lines 311--311
[]         \T1/cmtt/m/n/12 FULL_PARTICLE_CHUNKS = <number of writers which will
 output particles>[] 
 []


Overfull \hbox (35.97098pt too wide) in paragraph at lines 336--336
[]         \T1/cmtt/m/n/12 /path/to/rockstar/util/finish_bgc2 -c rockstar.cfg -
s <snap>[] 
 []


Overfull \hbox (10.1457pt too wide) in paragraph at lines 337--340
\T1/fnc/m/n/12 Note that par-ti-cle co-or-di-nates in BGC2 files are au-to-mat-
i-cally wrapped around
 []

[10]
Overfull \hbox (48.31796pt too wide) in paragraph at lines 349--349
[]         \T1/cmtt/m/n/12 /path/to/rockstar/util/bgc2_to_ascii -c rockstar.cfg
 -s <snap>[] 
 []


Overfull \hbox (60.66495pt too wide) in paragraph at lines 376--376
[]         \T1/cmtt/m/n/12 MASS_DEFINITION = <"vir" or "XXXc" or "XXXb" etc.> #
default: vir[] 
 []

[11]
Overfull \hbox (22.79152pt too wide) in paragraph at lines 389--396
\T1/fnc/m/n/12 par-ti-cles are re-moved. This is ap-pro-pri-ate for merger tree
s, where ha-los/subhalos
 []


Overfull \hbox (2.66797pt too wide) in paragraph at lines 399--401
\T1/fnc/m/n/12 The re-sult-ing masses will be present in the aux-il-liary mass 
columns (columns
 []

[12]
Overfull \hbox (11.27701pt too wide) in paragraph at lines 421--421
[]          \T1/cmtt/m/n/12 h0 = <hubble constant today> # in units of 100 km/s
/Mpc[] 
 []


Overfull \hbox (5.10352pt too wide) in paragraph at lines 421--421
[]          \T1/cmtt/m/n/12 Ol = <Omega_Lambda> # in units of the critical dens
ity[] 
 []


Overfull \hbox (5.10352pt too wide) in paragraph at lines 421--421
[]          \T1/cmtt/m/n/12 Om = <Omega_Matter> # in units of the critical dens
ity[] 
 []


Overfull \hbox (60.66495pt too wide) in paragraph at lines 431--431
[]          \T1/cmtt/m/n/12 WA = <W_A> # scaling of DE equation of state with s
cale factor.[] 
 []


Overfull \hbox (73.01193pt too wide) in paragraph at lines 444--444
[]          \T1/cmtt/m/n/12 GADGET_MASS_CONVERSION = <conversion from GADGET un
its to Msun/h>[] 
 []


Overfull \hbox (79.18542pt too wide) in paragraph at lines 444--444
[]          \T1/cmtt/m/n/12 GADGET_LENGTH_CONVERSION = <conversion from GADGET 
units to Mpc/h>[] 
 []


Overfull \hbox (66.83844pt too wide) in paragraph at lines 453--453
[]          \T1/cmtt/m/n/12 TIPSY_LENGTH_CONVERSION = <conversion from TIPSY un
its to Mpc/h>[] 
 []


Overfull \hbox (73.01193pt too wide) in paragraph at lines 453--453
[]          \T1/cmtt/m/n/12 TIPSY_VELOCITY_CONVERSION = <conversion from TIPSY 
units to km/s>[] 
 []

[13]
Overfull \hbox (48.31796pt too wide) in paragraph at lines 465--465
[]         \T1/cmtt/m/n/12 BOX_SIZE = <side length of cosmological box in comov
ing Mpc/h>[] 
 []


Overfull \hbox (10.54419pt too wide) in paragraph at lines 472--476
\T1/fnc/m/n/12 lowed by the snap-shot name (only dif-fer-ent if spec-i-fied via
 the \T1/cmtt/m/n/12 SNAPSHOT_NAMES
 []

[14]
Overfull \hbox (29.79749pt too wide) in paragraph at lines 513--513
[]        \T1/cmtt/m/n/12 PARALLEL_IO_SERVER_ADDRESS = <server address> #defaul
t: auto[] 
 []


Overfull \hbox (60.66495pt too wide) in paragraph at lines 526--526
[]        \T1/cmtt/m/n/12 PARALLEL_IO_SERVER_INTERFACE = <interface name> #ib0,
 for example[] 
 []

[15]
Overfull \hbox (11.27701pt too wide) in paragraph at lines 555--555
[]          \T1/cmtt/m/n/12 FOF_LINKING_LENGTH = <FOF linking length> #default 
0.28[] 
 []


Overfull \hbox (91.53241pt too wide) in paragraph at lines 562--562
[]          \T1/cmtt/m/n/12 MIN_HALO_PARTICLES = <minimum number of halo partic
les> #default: 10[] 
 []


Overfull \hbox (71.50401pt too wide) in paragraph at lines 567--570
[]\T1/fnc/m/n/12 To spec-ify your own load-balancing dis-tri-bu-tion, you can u
se the \T1/cmtt/m/n/12 LOAD_BALANCE_SCRIPT
 []

[16]
Overfull \hbox (11.84482pt too wide) in paragraph at lines 613--614
[]\T1/fnc/m/n/12 For high-est ef-fi-ciency, it is ap-pro-pri-ate to copy one of
 the ex-ist-ing \T1/cmtt/m/n/12 io/io_*.c
 []


Overfull \hbox (23.624pt too wide) in paragraph at lines 617--617
[]    \T1/cmtt/m/n/12 void load_particles_mytype(char *filename, struct particl
e **p,[] 
 []

[17]
Overfull \hbox (66.83844pt too wide) in paragraph at lines 621--621
[]     \T1/cmtt/m/n/12 check_realloc_s(p[0], sizeof(struct particle), num_p[0] 
+ num_new_p);[] 
 []


Overfull \hbox (35.96698pt too wide) in paragraph at lines 632--633
\T1/cmtt/m/n/12 particle.h\T1/fnc/m/n/12 . It is best to use the \T1/cmtt/m/n/1
2 output_binary() \T1/fnc/m/n/12 rou-tine from \T1/cmtt/m/n/12 io/io_internal.c

 []

[18]
Package atveryend Info: Empty hook `BeforeClearDocument' on input line 639.
 [19]
Package atveryend Info: Empty hook `AfterLastShipout' on input line 639.
 (./README.aux)
Package atveryend Info: Executing hook `AtVeryEndDocument' on input line 639.
Package atveryend Info: Executing hook `AtEndAfterFileList' on input line 639.
Package rerunfilecheck Info: File `README.out' has not changed.
(rerunfilecheck)             Checksum: A21E45EB5E2904BD674D5E67F059BDDE;1551.
Package atveryend Info: Empty hook `AtVeryVeryEnd' on input line 639.
 ) 
Here is how much of TeX's memory you used:
 6578 strings out of 493315
 95574 string characters out of 6137904
 175855 words of memory out of 5000000
 9887 multiletter control sequences out of 15000+600000
 46792 words of font info for 86 fonts, out of 8000000 for 9000
 957 hyphenation exceptions out of 8191
 35i,8n,35p,1224b,438s stack positions out of 5000i,500n,10000p,200000b,80000s
{/usr/local/texlive/2013/texmf-dist/fonts/enc/dvips/cm-super/cm-super-t1.enc}
{/usr/local/texlive/2013/texmf-dist/fonts/enc/dvips/base/8r.enc}</usr/local/tex
live/2013/texmf-dist/fonts/type1/public/fourier/fourier-ms.pfb></usr/local/texl
ive/2013/texmf-dist/fonts/type1/public/cm-super/sftt1000.pfb></usr/local/texliv
e/2013/texmf-dist/fonts/type1/public/cm-super/sftt1200.pfb></usr/local/texlive/
2013/texmf-dist/fonts/type1/urw/ncntrsbk/uncb8a.pfb></usr/local/texlive/2013/te
xmf-dist/fonts/type1/urw/ncntrsbk/uncr8a.pfb></usr/local/texlive/2013/texmf-dis
t/fonts/type1/urw/ncntrsbk/uncri8a.pfb>
Output written on README.pdf (19 pages, 192713 bytes).
PDF statistics:
 264 PDF objects out of 1000 (max. 8388607)
 232 compressed objects within 3 object streams
 46 named destinations out of 1000 (max. 500000)
 174 words of extra memory for PDF output out of 10000 (max. 10000000)

